<?xml version="1.0" encoding="UTF-8"?>
<testsuite xmlns:xsi="http://www.w3.org/2001/XMLSchema-instance" xsi:noNamespaceSchemaLocation="https://maven.apache.org/surefire/maven-failsafe-plugin/xsd/failsafe-test-report-3.0.xsd" version="3.0" name="orange_hrm.CucumberTestSuite" time="16.956" tests="1" errors="0" skipped="0" failures="1">
  <properties>
[...]
</properties>
  <testcase name="user login Orange HRM successfuly" classname="Orange HRM - Login" time="15.122">
    <failure message="&#10;Expecting a value that contains: &lt;[/index.php/dashboard]&gt;&#10;But got........................: &lt;&quot;https://opensource-demo.orangehrmlive.com/index.php/auth/validateCredentials&quot;&gt;" type="java.lang.AssertionError"><![CDATA[java.lang.AssertionError: 

Expecting a value that contains: <[/index.php/dashboard]>
But got........................: <"https://opensource-demo.orangehrmlive.com/index.php/auth/validateCredentials">
]]></failure>
    <system-out><![CDATA[
@hrmlogin
Scenario: user login Orange HRM successfuly &amp#27;[90m# src/test/resources/features/orange_hrm/loginHrm.feature:4&amp#27;[0m
  &amp#27;[32mGiven &amp#27;[0m&amp#27;[32m&amp#27;[0m&amp#27;[32m&amp#27;[1mI&amp#27;[0m&amp#27;[32m open Orange HRM login page&amp#27;[0m        &amp#27;[90m# orange_hrm.stepdefinitions.OrangeStepDef.loadHRMLoginPage(net.serenitybdd.screenplay.Actor)&amp#27;[0m
  &amp#27;[32mWhen &amp#27;[0m&amp#27;[32m&amp#27;[0m&amp#27;[32m&amp#27;[1mI&amp#27;[0m&amp#27;[32m input username and password&amp#27;[0m        &amp#27;[90m# orange_hrm.stepdefinitions.OrangeStepDef.inputCredential(net.serenitybdd.screenplay.Actor)&amp#27;[0m
  &amp#27;[32mAnd &amp#27;[0m&amp#27;[32m&amp#27;[0m&amp#27;[32m&amp#27;[1mI&amp#27;[0m&amp#27;[32m click login button&amp#27;[0m                  &amp#27;[90m# orange_hrm.stepdefinitions.OrangeStepDef.ClickLoginButton(net.serenitybdd.screenplay.Actor)&amp#27;[0m
  &amp#27;[31mThen &amp#27;[0m&amp#27;[31m&amp#27;[0m&amp#27;[31m&amp#27;[1mI&amp#27;[0m&amp#27;[31m can login successfuly&amp#27;[0m              &amp#27;[90m# orange_hrm.stepdefinitions.OrangeStepDef.ValidateLoginSuccess(net.serenitybdd.screenplay.Actor)&amp#27;[0m
      &amp#27;[31mjava.lang.AssertionError: 
Expecting a value that contains: <[/index.php/dashboard]>
But got........................: <"https://opensource-demo.orangehrmlive.com/index.php/auth/validateCredentials">
	at net.serenitybdd.screenplay.ensure.PerformableExpectation.performAs(PerformableExpectations.kt:35)
	at net.serenitybdd.screenplay.ensure.PerformableExpectation$ByteBuddy$HnNiIeoU.performAs$accessor$5Y2CGjOQ(Unknown Source)
	at sun.reflect.NativeMethodAccessorImpl.invoke0(Native Method)
	at sun.reflect.NativeMethodAccessorImpl.invoke(NativeMethodAccessorImpl.java:62)
	at sun.reflect.DelegatingMethodAccessorImpl.invoke(DelegatingMethodAccessorImpl.java:43)
	at java.lang.reflect.Method.invoke(Method.java:498)
	at net.thucydides.core.steps.StepInterceptor.invokeMethod(StepInterceptor.java:503)
	at net.thucydides.core.steps.StepInterceptor.executeTestStepMethod(StepInterceptor.java:483)
	at net.thucydides.core.steps.StepInterceptor.runTestStep(StepInterceptor.java:457)
	at net.thucydides.core.steps.StepInterceptor.runOrSkipMethod(StepInterceptor.java:209)
	at net.thucydides.core.steps.StepInterceptor.testStepResult(StepInterceptor.java:196)
	at net.thucydides.core.steps.StepInterceptor.intercept(StepInterceptor.java:84)
	at net.thucydides.core.steps.ProxyConfiguration$InterceptorDispatcher.intercept(ProxyConfiguration.java:51)
	at net.serenitybdd.screenplay.ensure.PerformableExpectation$ByteBuddy$HnNiIeoU.performAs(Unknown Source)
	at net.serenitybdd.screenplay.Actor.performTask(Actor.java:277)
	at net.serenitybdd.screenplay.Actor.perform(Actor.java:256)
	at net.serenitybdd.screenplay.Actor.attemptsTo(Actor.java:197)
	at net.serenitybdd.screenplay.Actor.attemptsTo(Actor.java:204)
	at orange_hrm.stepdefinitions.OrangeStepDef.ValidateLoginSuccess(OrangeStepDef.java:38)
	at âœ½.I can login successfuly(file:///D:/MY%20DOCUMENT/15.%20ALTERA%20COURSE/IMERSIVE%20PROGRAM/QE3-Serenity-Web-Agung/src/test/resources/features/orange_hrm/loginHrm.feature:8)
&amp#27;[0m
]]></system-out>
    <system-err><![CDATA[Starting MSEdgeDriver 100.0.1185.39 (5d3e4966b112fb8c2d3aa0aab64ba560cadfc2f2) on port 55217
Only local connections are allowed.
Please see https://chromedriver.chromium.org/security-considerations for suggestions on keeping MSEdgeDriver safe.
MSEdgeDriver was started successfully.
Apr 14, 2022 8:50:47 PM org.openqa.selenium.remote.ProtocolHandshake createSession
INFO: Detected dialect: W3C
Apr 14, 2022 8:50:47 PM org.openqa.selenium.devtools.CdpVersionFinder findNearestMatch
WARNING: Unable to find an exact match for CDP version 100, so returning the closest version found: 97
Apr 14, 2022 8:50:47 PM org.openqa.selenium.devtools.CdpVersionFinder findNearestMatch
INFO: Found CDP implementation for version 100 of 97
]]></system-err>
  </testcase>
</testsuite>